8/31/2018 9:00:45 PM	H:\Old\DLs\- Music\Boss Battle (Final Fantasy IV) - GaMetal Remix.mp3	-4.5
8/31/2018 9:00:45 PM	H:\Old\DLs\- Music\Castlevania (NES) - Stage 1 with Intro.mp3	1.5
8/31/2018 9:00:45 PM	H:\Old\DLs\- Music\DOOM (ORIGINAL) OST - E1M1 At Dooms Gate (Main Theme) [HQ].mp3	-3.0
8/31/2018 9:00:46 PM	H:\Old\DLs\- Music\Mega Man 2 (NES) Music - Boss Battle.mp3	3.0
8/31/2018 9:00:46 PM	H:\Old\DLs\- Music\Mining Melancholy (Donkey Kong Country 2 Diddys Kong Quest) - GaMetal Remix.mp3	-1.5
8/31/2018 9:00:48 PM	H:\Old\DLs\- Music\Undyne the Undying (Spear of Justice  Battle Against a True Hero) (Undertale) - GaMetal Remix.mp3	-3.0
8/31/2018 9:00:48 PM	H:\Old\DLs\- Music\whitewoods - Beach Walk.mp3	-4.5
8/31/2018 9:03:12 PM	H:\Old\DLs\- Music\Boss Battle (Lufia II Rise of the Sinistrals) - GaMetal Remix.mp3	-3.0
8/31/2018 9:13:07 PM	H:\Old\DLs\- Music\Pursuit _ Cornered (Phoenix Wright Ace Attorney) - GaMetal Remix.mp3	-3.0
9/1/2018 9:49:53 PM	H:\Old\DLs\- Music\Molgera Battle (The Legend of Zelda Wind Waker) - GaMetal Remix.mp3	-3.0
10/5/2018 7:02:41 PM	E:\Metroid Coven\My Content\Audio\New Audio\BeamWave.mp3	-3.0
10/5/2018 8:33:26 PM	E:\Metroid Coven\My Content\Audio\New Audio\Crackle1.mp3	10.5
10/5/2018 8:33:27 PM	E:\Metroid Coven\My Content\Audio\New Audio\ShortCrackle1.mp3	10.5
10/5/2018 8:33:27 PM	E:\Metroid Coven\My Content\Audio\New Audio\ShortCrackle2.mp3	12.0
10/5/2018 8:33:27 PM	E:\Metroid Coven\My Content\Audio\New Audio\ShortCrackle3.mp3	13.5
10/5/2018 8:33:27 PM	E:\Metroid Coven\My Content\Audio\New Audio\ShortCrackle4.mp3	13.5
10/5/2018 8:33:27 PM	E:\Metroid Coven\My Content\Audio\New Audio\ShortCrackle5.mp3	13.5
10/5/2018 8:33:47 PM	E:\Metroid Coven\My Content\Audio\New Audio\Crackle1.mp3	-6.0
10/5/2018 8:33:47 PM	E:\Metroid Coven\My Content\Audio\New Audio\ShortCrackle1.mp3	-6.0
10/5/2018 8:33:47 PM	E:\Metroid Coven\My Content\Audio\New Audio\ShortCrackle2.mp3	-6.0
10/5/2018 8:33:47 PM	E:\Metroid Coven\My Content\Audio\New Audio\ShortCrackle3.mp3	-6.0
10/5/2018 8:33:47 PM	E:\Metroid Coven\My Content\Audio\New Audio\ShortCrackle4.mp3	-6.0
10/5/2018 8:33:47 PM	E:\Metroid Coven\My Content\Audio\New Audio\ShortCrackle5.mp3	-6.0
10/5/2018 11:15:08 PM	E:\Metroid Coven\My Content\Audio\New Audio\ArcDashChargeStart-v1.mp3	7.5
10/5/2018 11:23:21 PM	E:\Metroid Coven\My Content\Audio\New Audio\ArcDashChargeStart-v1.mp3	1.5
10/5/2018 11:23:26 PM	E:\Metroid Coven\My Content\Audio\New Audio\ArcDashCharge-v1.mp3	6.0
10/10/2018 8:17:32 PM	E:\Metroid Coven\My Content\Audio\New Audio\ArcDashGo.mp3	6.0
10/14/2018 9:59:29 PM	E:\Metroid Coven\My Content\Audio\New Audio\ArcDashReadyIdle.mp3	7.5
11/14/2018 9:10:28 PM	H:\Old\DLs\- Music\GaMetal\Area 6 (Star Fox 64) - GaMetal (5).mp3	4.5
11/14/2018 9:10:28 PM	H:\Old\DLs\- Music\GaMetal\ASGORE (Undertale) - GaMetal.mp3	4.5
11/14/2018 9:10:29 PM	H:\Old\DLs\- Music\GaMetal\Big Bad Baby Bowser (Super Mario World 2 Yoshis Island) - GaMetal (2011).mp3	4.5
11/14/2018 9:10:30 PM	H:\Old\DLs\- Music\GaMetal\Boss Battle (Final Fantasy IV) - GaMetal Remix.mp3	4.5
11/14/2018 9:10:30 PM	H:\Old\DLs\- Music\GaMetal\Boss Battle (Lufia II Rise of the Sinistrals) - GaMetal Remix.mp3	3.0
11/14/2018 9:10:31 PM	H:\Old\DLs\- Music\GaMetal\Boss Medley (Star Fox 64) - GaMetal (2011).mp3	4.5
11/14/2018 9:10:31 PM	H:\Old\DLs\- Music\GaMetal\Crocodile Cacophony  Lost World Anthem (Donkey Kong Country 2 Diddys Kong Quest) - GaMetal.mp3	4.5
11/14/2018 9:10:32 PM	H:\Old\DLs\- Music\GaMetal\Final Battle (Vs. Gruntilda) (Banjo-Kazooie) - GaMetal.mp3	3.0
11/14/2018 9:10:37 PM	H:\Old\DLs\- Music\GaMetal\GaMedley The Iconic Themes of Gaming - GaMetal (100th Song Special!).mp3	4.5
11/14/2018 9:10:37 PM	H:\Old\DLs\- Music\GaMetal\GaMetal - Dreamland Invasion - 01 Title Theme - Stage Medley (Kirby's Adventure).mp3	4.5
11/14/2018 9:10:38 PM	H:\Old\DLs\- Music\GaMetal\GaMetal - Dreamland Invasion - 02 Nightmare (Kirby's Adventure).mp3	4.5
11/14/2018 9:10:39 PM	H:\Old\DLs\- Music\GaMetal\GaMetal - Dreamland Invasion - 03 Revenge of Meta Knight Medley (Kirby Super Star).mp3	4.5
11/14/2018 9:10:39 PM	H:\Old\DLs\- Music\GaMetal\GaMetal - Dreamland Invasion - 04 Marx - Heart of Nova (Kirby Super Star).mp3	4.5
11/14/2018 9:10:40 PM	H:\Old\DLs\- Music\GaMetal\GaMetal - Dreamland Invasion - 05 Dark Mind (Second Form) (Kirby & The Amazing Mirror).mp3	3.0
11/14/2018 9:10:40 PM	H:\Old\DLs\- Music\GaMetal\GaMetal - Dreamland Invasion - 06 Moonstruck Blossom - Soul of Sectonia (Kirby Triple Deluxe).mp3	4.5
11/14/2018 9:10:41 PM	H:\Old\DLs\- Music\GaMetal\GaMetal - Dreamland Invasion - 07 Money Machine (vs. President Haltmann) (Kirby- Planet Robobot).mp3	4.5
11/14/2018 9:10:42 PM	H:\Old\DLs\- Music\GaMetal\GaMetal - Dreamland Invasion - 08 D3 (King Dedede Medley) (Kirby Super Star - S.S. Ultra - Star Allies).mp3	4.5
11/14/2018 9:10:42 PM	H:\Old\DLs\- Music\GaMetal\GaMetal - Dreamland Invasion - 09 Zero Two (Acoustic) (Kirby 64- The Crystal Shards).mp3	3.0
11/14/2018 9:10:43 PM	H:\Old\DLs\- Music\GaMetal\Gang-Plank Galleon (Donkey Kong Country) - GaMetal.mp3	4.5
11/14/2018 9:10:43 PM	H:\Old\DLs\- Music\GaMetal\Head Honcho Carpaccio (Wario Master of Disguise) - GaMetal.mp3	4.5
11/14/2018 9:10:44 PM	H:\Old\DLs\- Music\GaMetal\Hopes and Dreams  Save the World (Undertale) - GaMetal.mp3	4.5
11/14/2018 9:10:45 PM	H:\Old\DLs\- Music\GaMetal\Hyrule Castle (Legend of Zelda A Link to the Past) - GaMetal.mp3	3.0
11/14/2018 9:10:45 PM	H:\Old\DLs\- Music\GaMetal\Koopas Road (Super Mario 64) - GaMetal.mp3	3.0
11/14/2018 9:11:35 PM	H:\Old\DLs\- Music\GaMetal\Legend of the Seven Stars (Super Mario RPG) - GaMetal (2012).mp3	3.0
11/14/2018 9:11:36 PM	H:\Old\DLs\- Music\GaMetal\Lufia II - Sinistral Theme - Metal Version.mp3	4.5
11/14/2018 9:11:36 PM	H:\Old\DLs\- Music\GaMetal\Masked Dedede (Kirby Super Star Ultra) - GaMetal (2).mp3	4.5
11/14/2018 9:11:36 PM	H:\Old\DLs\- Music\GaMetal\Mega Man 2 (NES) Music - Boss Battle.mp3	4.5
11/14/2018 9:11:41 PM	H:\Old\DLs\- Music\GaMetal\Mega Man Mega Medley - GaMetal.mp3	4.5
11/14/2018 9:11:48 PM	H:\Old\DLs\- Music\GaMetal\Mega Man Mega Medley II - GaMetal (2).mp3	3.0
11/14/2018 9:11:49 PM	H:\Old\DLs\- Music\GaMetal\Mining Melancholy (Donkey Kong Country 2 Diddys Kong Quest) - GaMetal Remix.mp3	3.0
11/14/2018 9:11:49 PM	H:\Old\DLs\- Music\GaMetal\Molgera Battle (The Legend of Zelda Wind Waker) - GaMetal Remix.mp3	3.0
11/14/2018 9:11:50 PM	H:\Old\DLs\- Music\GaMetal\Pursuit _ Cornered (Phoenix Wright Ace Attorney) - GaMetal Remix.mp3	3.0
11/14/2018 9:11:51 PM	H:\Old\DLs\- Music\GaMetal\Rainbow Road (Mario Kart 64) - GaMetal.mp3	4.5
11/14/2018 9:11:54 PM	H:\Old\DLs\- Music\GaMetal\Shovel Knight Guitar Medley.mp3	4.5
11/14/2018 9:12:07 PM	H:\Old\DLs\- Music\GaMetal\SNES Medley - Super GaMetal (20k Subscriber Special!) (1).mp3	4.5
11/14/2018 9:12:20 PM	H:\Old\DLs\- Music\GaMetal\SNES Medley - Super GaMetal (20k Subscriber Special!).mp3	4.5
11/14/2018 9:12:20 PM	H:\Old\DLs\- Music\GaMetal\Star Wolf (Star Fox 64) - GaMetal.mp3	3.0
11/14/2018 9:12:21 PM	H:\Old\DLs\- Music\GaMetal\Strike the Earth! (Plains of Passage) (Shovel Knight) - GaMetal.mp3	3.0
11/14/2018 9:12:21 PM	H:\Old\DLs\- Music\GaMetal\Surprise Attack (Star Wolf) (Star Fox 2) - GaMetal.mp3	3.0
11/14/2018 9:12:22 PM	H:\Old\DLs\- Music\GaMetal\Terrormisu (Wario Master of Disguise) - GaMetal.mp3	4.5
11/14/2018 9:12:29 PM	H:\Old\DLs\- Music\GaMetal\The Ocarina of Time - GaMetal.mp3	3.0
11/14/2018 9:12:30 PM	H:\Old\DLs\- Music\GaMetal\The Ultimate Show [Super Dimentio] (Super Paper Mario) - GaMetal (1).mp3	4.5
11/14/2018 9:12:30 PM	H:\Old\DLs\- Music\GaMetal\Theme of the Cheetahmen (Action 52) - GaMetal.mp3	4.5
11/14/2018 9:12:30 PM	H:\Old\DLs\- Music\GaMetal\Twinrova (Koume and Kotakes Theme) (LoZ Ocarina of Time) - GaMetal Ft. Nirre (2).mp3	3.0
11/14/2018 9:12:31 PM	H:\Old\DLs\- Music\GaMetal\Under My Control  C-R-O-W-N-E-D (Kirbys Return to Dream Land) - GaMetal.mp3	3.0
11/14/2018 9:12:32 PM	H:\Old\DLs\- Music\GaMetal\Undyne the Undying (Spear of Justice  Battle Against a True Hero) (Undertale) - GaMetal Remix.mp3	4.5
11/14/2018 10:29:03 PM	H:\Old\DLs\- Music\Game OSTs\Undertale\toby fox - UNDERTALE Soundtrack - 01 Once Upon a Time.mp3	6.0
11/14/2018 10:29:04 PM	H:\Old\DLs\- Music\Game OSTs\Undertale\toby fox - UNDERTALE Soundtrack - 02 Start Menu.mp3	4.5
11/14/2018 10:29:04 PM	H:\Old\DLs\- Music\Game OSTs\Undertale\toby fox - UNDERTALE Soundtrack - 03 Your Best Friend.mp3	3.0
11/14/2018 10:29:05 PM	H:\Old\DLs\- Music\Game OSTs\Undertale\toby fox - UNDERTALE Soundtrack - 04 Fallen Down.mp3	3.0
11/14/2018 10:29:06 PM	H:\Old\DLs\- Music\Game OSTs\Undertale\toby fox - UNDERTALE Soundtrack - 05 Ruins.mp3	4.5
11/14/2018 10:29:06 PM	H:\Old\DLs\- Music\Game OSTs\Undertale\toby fox - UNDERTALE Soundtrack - 07 Anticipation.mp3	9.0
11/14/2018 10:29:07 PM	H:\Old\DLs\- Music\Game OSTs\Undertale\toby fox - UNDERTALE Soundtrack - 08 Unnecessary Tension.mp3	6.0
11/14/2018 10:29:08 PM	H:\Old\DLs\- Music\Game OSTs\Undertale\toby fox - UNDERTALE Soundtrack - 09 Enemy Approaching.mp3	3.0
11/14/2018 10:29:08 PM	H:\Old\DLs\- Music\Game OSTs\Undertale\toby fox - UNDERTALE Soundtrack - 10 Ghost Fight.mp3	4.5
11/14/2018 10:29:10 PM	H:\Old\DLs\- Music\Game OSTs\Undertale\toby fox - UNDERTALE Soundtrack - 100 MEGALOVANIA.mp3	1.5
11/14/2018 10:29:10 PM	H:\Old\DLs\- Music\Game OSTs\Undertale\toby fox - UNDERTALE Soundtrack - 101 Good Night.mp3	7.5
11/14/2018 10:29:11 PM	H:\Old\DLs\- Music\Game OSTs\Undertale\toby fox - UNDERTALE Soundtrack - 11 Determination.mp3	3.0
11/14/2018 10:29:12 PM	H:\Old\DLs\- Music\Game OSTs\Undertale\toby fox - UNDERTALE Soundtrack - 12 Home.mp3	4.5
11/14/2018 10:29:14 PM	H:\Old\DLs\- Music\Game OSTs\Undertale\toby fox - UNDERTALE Soundtrack - 13 Home (Music Box).mp3	9.0
11/14/2018 10:29:15 PM	H:\Old\DLs\- Music\Game OSTs\Undertale\toby fox - UNDERTALE Soundtrack - 14 Heartache.mp3	1.5
11/14/2018 10:29:16 PM	H:\Old\DLs\- Music\Game OSTs\Undertale\toby fox - UNDERTALE Soundtrack - 15 sans..mp3	6.0
11/14/2018 10:29:16 PM	H:\Old\DLs\- Music\Game OSTs\Undertale\toby fox - UNDERTALE Soundtrack - 16 Nyeh Heh Heh!.mp3	6.0
11/14/2018 10:29:17 PM	H:\Old\DLs\- Music\Game OSTs\Undertale\toby fox - UNDERTALE Soundtrack - 17 Snowy.mp3	1.5
11/14/2018 10:29:18 PM	H:\Old\DLs\- Music\Game OSTs\Undertale\toby fox - UNDERTALE Soundtrack - 18 Uwa!! So Holiday.mp3	6.0
11/14/2018 10:29:18 PM	H:\Old\DLs\- Music\Game OSTs\Undertale\toby fox - UNDERTALE Soundtrack - 19 Dogbass.mp3	6.0
11/14/2018 10:29:18 PM	H:\Old\DLs\- Music\Game OSTs\Undertale\toby fox - UNDERTALE Soundtrack - 20 Mysterious Place.mp3	1.5
11/14/2018 10:29:19 PM	H:\Old\DLs\- Music\Game OSTs\Undertale\toby fox - UNDERTALE Soundtrack - 21 Dogsong.mp3	6.0
11/14/2018 10:29:19 PM	H:\Old\DLs\- Music\Game OSTs\Undertale\toby fox - UNDERTALE Soundtrack - 22 Snowdin Town.mp3	3.0
11/14/2018 10:29:20 PM	H:\Old\DLs\- Music\Game OSTs\Undertale\toby fox - UNDERTALE Soundtrack - 24 Bonetrousle.mp3	3.0
11/14/2018 10:29:22 PM	H:\Old\DLs\- Music\Game OSTs\Undertale\toby fox - UNDERTALE Soundtrack - 25 Dating Start!.mp3	4.5
11/14/2018 10:29:22 PM	H:\Old\DLs\- Music\Game OSTs\Undertale\toby fox - UNDERTALE Soundtrack - 26 Dating Tense!.mp3	4.5
11/14/2018 10:29:23 PM	H:\Old\DLs\- Music\Game OSTs\Undertale\toby fox - UNDERTALE Soundtrack - 27 Dating Fight!.mp3	3.0
11/14/2018 10:29:23 PM	H:\Old\DLs\- Music\Game OSTs\Undertale\toby fox - UNDERTALE Soundtrack - 28 Premonition.mp3	3.0
11/14/2018 10:29:24 PM	H:\Old\DLs\- Music\Game OSTs\Undertale\toby fox - UNDERTALE Soundtrack - 29 Danger Mystery.mp3	12.0
11/14/2018 10:29:24 PM	H:\Old\DLs\- Music\Game OSTs\Undertale\toby fox - UNDERTALE Soundtrack - 30 Undyne.mp3	4.5
11/14/2018 10:29:25 PM	H:\Old\DLs\- Music\Game OSTs\Undertale\toby fox - UNDERTALE Soundtrack - 31 Waterfall.mp3	3.0
11/14/2018 10:29:26 PM	H:\Old\DLs\- Music\Game OSTs\Undertale\toby fox - UNDERTALE Soundtrack - 33 Quiet Water.mp3	6.0
11/14/2018 10:29:27 PM	H:\Old\DLs\- Music\Game OSTs\Undertale\toby fox - UNDERTALE Soundtrack - 34 Memory.mp3	13.5
11/14/2018 10:29:27 PM	H:\Old\DLs\- Music\Game OSTs\Undertale\toby fox - UNDERTALE Soundtrack - 35 Bird That Carries You Over A Disproportionately Small Gap.mp3	3.0
11/14/2018 10:29:29 PM	H:\Old\DLs\- Music\Game OSTs\Undertale\toby fox - UNDERTALE Soundtrack - 36 Dummy!.mp3	3.0
11/14/2018 10:29:31 PM	H:\Old\DLs\- Music\Game OSTs\Undertale\toby fox - UNDERTALE Soundtrack - 37 Pathetic House.mp3	3.0
11/14/2018 10:29:31 PM	H:\Old\DLs\- Music\Game OSTs\Undertale\toby fox - UNDERTALE Soundtrack - 38 Spooktune.mp3	7.5
11/14/2018 10:29:31 PM	H:\Old\DLs\- Music\Game OSTs\Undertale\toby fox - UNDERTALE Soundtrack - 39 Spookwave.mp3	7.5
11/14/2018 10:29:32 PM	H:\Old\DLs\- Music\Game OSTs\Undertale\toby fox - UNDERTALE Soundtrack - 40 Ghouliday.mp3	1.5
11/14/2018 10:29:32 PM	H:\Old\DLs\- Music\Game OSTs\Undertale\toby fox - UNDERTALE Soundtrack - 41 Chill.mp3	7.5
11/14/2018 10:29:33 PM	H:\Old\DLs\- Music\Game OSTs\Undertale\toby fox - UNDERTALE Soundtrack - 42 Thundersnail.mp3	3.0
11/14/2018 10:29:33 PM	H:\Old\DLs\- Music\Game OSTs\Undertale\toby fox - UNDERTALE Soundtrack - 43 Temmie Village.mp3	7.5
11/14/2018 10:29:34 PM	H:\Old\DLs\- Music\Game OSTs\Undertale\toby fox - UNDERTALE Soundtrack - 44 Tem Shop.mp3	3.0
11/14/2018 10:29:35 PM	H:\Old\DLs\- Music\Game OSTs\Undertale\toby fox - UNDERTALE Soundtrack - 45 NGAHHH!!.mp3	1.5
11/14/2018 10:29:36 PM	H:\Old\DLs\- Music\Game OSTs\Undertale\toby fox - UNDERTALE Soundtrack - 46 Spear of Justice.mp3	1.5
11/14/2018 10:29:36 PM	H:\Old\DLs\- Music\Game OSTs\Undertale\toby fox - UNDERTALE Soundtrack - 47 Ooo.mp3	6.0
11/14/2018 10:29:37 PM	H:\Old\DLs\- Music\Game OSTs\Undertale\toby fox - UNDERTALE Soundtrack - 48 Alphys.mp3	4.5
11/14/2018 10:29:38 PM	H:\Old\DLs\- Music\Game OSTs\Undertale\toby fox - UNDERTALE Soundtrack - 49 It's Showtime!.mp3	4.5
11/14/2018 10:29:39 PM	H:\Old\DLs\- Music\Game OSTs\Undertale\toby fox - UNDERTALE Soundtrack - 50 Metal Crusher.mp3	1.5
11/14/2018 10:29:40 PM	H:\Old\DLs\- Music\Game OSTs\Undertale\toby fox - UNDERTALE Soundtrack - 51 Another Medium.mp3	4.5
11/14/2018 10:29:41 PM	H:\Old\DLs\- Music\Game OSTs\Undertale\toby fox - UNDERTALE Soundtrack - 52 Uwa!! So HEATS!!.mp3	3.0
11/14/2018 10:29:41 PM	H:\Old\DLs\- Music\Game OSTs\Undertale\toby fox - UNDERTALE Soundtrack - 53 Stronger Monsters.mp3	1.5
11/14/2018 10:29:42 PM	H:\Old\DLs\- Music\Game OSTs\Undertale\toby fox - UNDERTALE Soundtrack - 54 Hotel.mp3	4.5
11/14/2018 10:29:43 PM	H:\Old\DLs\- Music\Game OSTs\Undertale\toby fox - UNDERTALE Soundtrack - 55 Can You Really Call This A Hotel, I Didn't Receive A Mint On My Pillow Or Anything.mp3	1.5
11/14/2018 10:29:43 PM	H:\Old\DLs\- Music\Game OSTs\Undertale\toby fox - UNDERTALE Soundtrack - 56 Confession.mp3	1.5
11/14/2018 10:29:44 PM	H:\Old\DLs\- Music\Game OSTs\Undertale\toby fox - UNDERTALE Soundtrack - 57 Live Report.mp3	4.5
11/14/2018 10:29:44 PM	H:\Old\DLs\- Music\Game OSTs\Undertale\toby fox - UNDERTALE Soundtrack - 58 Death Report.mp3	1.5
11/14/2018 10:29:45 PM	H:\Old\DLs\- Music\Game OSTs\Undertale\toby fox - UNDERTALE Soundtrack - 59 Spider Dance.mp3	1.5
11/14/2018 10:29:46 PM	H:\Old\DLs\- Music\Game OSTs\Undertale\toby fox - UNDERTALE Soundtrack - 60 Wrong Enemy !-.mp3	3.0
11/14/2018 10:29:47 PM	H:\Old\DLs\- Music\Game OSTs\Undertale\toby fox - UNDERTALE Soundtrack - 62 Oh! Dungeon.mp3	1.5
11/14/2018 10:29:49 PM	H:\Old\DLs\- Music\Game OSTs\Undertale\toby fox - UNDERTALE Soundtrack - 63 It's Raining Somewhere Else.mp3	3.0
11/14/2018 10:29:49 PM	H:\Old\DLs\- Music\Game OSTs\Undertale\toby fox - UNDERTALE Soundtrack - 64 CORE Approach.mp3	9.0
11/14/2018 10:29:51 PM	H:\Old\DLs\- Music\Game OSTs\Undertale\toby fox - UNDERTALE Soundtrack - 65 CORE.mp3	1.5
11/14/2018 10:29:51 PM	H:\Old\DLs\- Music\Game OSTs\Undertale\toby fox - UNDERTALE Soundtrack - 66 Last Episode!.mp3	1.5
11/14/2018 10:29:52 PM	H:\Old\DLs\- Music\Game OSTs\Undertale\toby fox - UNDERTALE Soundtrack - 67 Oh My....mp3	4.5
11/14/2018 10:29:53 PM	H:\Old\DLs\- Music\Game OSTs\Undertale\toby fox - UNDERTALE Soundtrack - 68 Death by Glamour.mp3	1.5
11/14/2018 10:29:54 PM	H:\Old\DLs\- Music\Game OSTs\Undertale\toby fox - UNDERTALE Soundtrack - 69 For the Fans.mp3	3.0
11/14/2018 10:29:54 PM	H:\Old\DLs\- Music\Game OSTs\Undertale\toby fox - UNDERTALE Soundtrack - 70 Long Elevator.mp3	-1.5
11/14/2018 10:29:59 PM	H:\Old\DLs\- Music\Game OSTs\Undertale\toby fox - UNDERTALE Soundtrack - 71 Undertale.mp3	4.5
11/14/2018 10:30:00 PM	H:\Old\DLs\- Music\Game OSTs\Undertale\toby fox - UNDERTALE Soundtrack - 72 Song That Might Play When You Fight Sans.mp3	4.5
11/14/2018 10:30:01 PM	H:\Old\DLs\- Music\Game OSTs\Undertale\toby fox - UNDERTALE Soundtrack - 73 The Choice.mp3	7.5
11/14/2018 10:30:01 PM	H:\Old\DLs\- Music\Game OSTs\Undertale\toby fox - UNDERTALE Soundtrack - 74 Small Shock.mp3	12.0
11/14/2018 10:30:02 PM	H:\Old\DLs\- Music\Game OSTs\Undertale\toby fox - UNDERTALE Soundtrack - 75 Barrier.mp3	10.5
11/14/2018 10:30:02 PM	H:\Old\DLs\- Music\Game OSTs\Undertale\toby fox - UNDERTALE Soundtrack - 76 Bergentrückung.mp3	6.0
11/14/2018 10:30:04 PM	H:\Old\DLs\- Music\Game OSTs\Undertale\toby fox - UNDERTALE Soundtrack - 77 ASGORE.mp3	3.0
11/14/2018 10:30:04 PM	H:\Old\DLs\- Music\Game OSTs\Undertale\toby fox - UNDERTALE Soundtrack - 78 You Idiot.mp3	3.0
11/14/2018 10:30:07 PM	H:\Old\DLs\- Music\Game OSTs\Undertale\toby fox - UNDERTALE Soundtrack - 79 Your Best Nightmare.mp3	1.5
11/14/2018 10:30:08 PM	H:\Old\DLs\- Music\Game OSTs\Undertale\toby fox - UNDERTALE Soundtrack - 80 Finale.mp3	1.5
11/14/2018 10:30:10 PM	H:\Old\DLs\- Music\Game OSTs\Undertale\toby fox - UNDERTALE Soundtrack - 81 An Ending.mp3	1.5
11/14/2018 10:30:11 PM	H:\Old\DLs\- Music\Game OSTs\Undertale\toby fox - UNDERTALE Soundtrack - 82 She's Playing Piano.mp3	1.5
11/14/2018 10:30:12 PM	H:\Old\DLs\- Music\Game OSTs\Undertale\toby fox - UNDERTALE Soundtrack - 83 Here We Are.mp3	4.5
11/14/2018 10:30:13 PM	H:\Old\DLs\- Music\Game OSTs\Undertale\toby fox - UNDERTALE Soundtrack - 84 Amalgam.mp3	4.5
11/14/2018 10:30:14 PM	H:\Old\DLs\- Music\Game OSTs\Undertale\toby fox - UNDERTALE Soundtrack - 85 Fallen Down (Reprise).mp3	3.0
11/14/2018 10:30:15 PM	H:\Old\DLs\- Music\Game OSTs\Undertale\toby fox - UNDERTALE Soundtrack - 86 Don't Give Up.mp3	1.5
11/14/2018 10:30:17 PM	H:\Old\DLs\- Music\Game OSTs\Undertale\toby fox - UNDERTALE Soundtrack - 87 Hopes and Dreams.mp3	1.5
11/14/2018 10:30:18 PM	H:\Old\DLs\- Music\Game OSTs\Undertale\toby fox - UNDERTALE Soundtrack - 88 Burn in Despair!.mp3	3.0
11/14/2018 10:30:19 PM	H:\Old\DLs\- Music\Game OSTs\Undertale\toby fox - UNDERTALE Soundtrack - 89 SAVE the World.mp3	1.5
11/14/2018 10:30:21 PM	H:\Old\DLs\- Music\Game OSTs\Undertale\toby fox - UNDERTALE Soundtrack - 90 His Theme.mp3	3.0
11/14/2018 10:30:21 PM	H:\Old\DLs\- Music\Game OSTs\Undertale\toby fox - UNDERTALE Soundtrack - 91 Final Power.mp3	3.0
11/14/2018 10:30:24 PM	H:\Old\DLs\- Music\Game OSTs\Undertale\toby fox - UNDERTALE Soundtrack - 92 Reunited.mp3	1.5
11/14/2018 10:30:25 PM	H:\Old\DLs\- Music\Game OSTs\Undertale\toby fox - UNDERTALE Soundtrack - 93 Menu (Full).mp3	3.0
11/14/2018 10:30:26 PM	H:\Old\DLs\- Music\Game OSTs\Undertale\toby fox - UNDERTALE Soundtrack - 94 Respite.mp3	3.0
11/14/2018 10:30:28 PM	H:\Old\DLs\- Music\Game OSTs\Undertale\toby fox - UNDERTALE Soundtrack - 95 Bring It In, Guys!.mp3	3.0
11/14/2018 10:30:30 PM	H:\Old\DLs\- Music\Game OSTs\Undertale\toby fox - UNDERTALE Soundtrack - 96 Last Goodbye.mp3	1.5
11/14/2018 10:30:30 PM	H:\Old\DLs\- Music\Game OSTs\Undertale\toby fox - UNDERTALE Soundtrack - 97 But the Earth Refused to Die.mp3	3.0
11/14/2018 10:30:32 PM	H:\Old\DLs\- Music\Game OSTs\Undertale\toby fox - UNDERTALE Soundtrack - 98 Battle Against a True Hero.mp3	3.0
11/14/2018 10:30:32 PM	H:\Old\DLs\- Music\Game OSTs\Undertale\toby fox - UNDERTALE Soundtrack - 99 Power of -NEO-.mp3	3.0
12/18/2018 9:26:14 PM	H:\Old\DLs\- Music\battle.mp3	1.5
12/18/2018 9:26:14 PM	H:\Old\DLs\- Music\checkers.mp3	4.5
12/18/2018 9:26:14 PM	H:\Old\DLs\- Music\field_of_hopes.mp3	1.5
12/18/2018 9:26:14 PM	H:\Old\DLs\- Music\joker.mp3	1.5
12/18/2018 9:26:14 PM	H:\Old\DLs\- Music\kingboss.mp3	1.5
12/18/2018 9:26:14 PM	H:\Old\DLs\- Music\lancerfight.mp3	4.5
12/18/2018 9:26:14 PM	H:\Old\DLs\- Music\vs_susie.mp3	-1.5
3/31/2019 8:29:26 PM	C:\Users\Curt\Downloads\Crypt of the Necrodancer OC Remix Full Soundtrack.mp3	-6.0
5/14/2019 5:26:48 PM	H:\Old\DLs\- Music\Porky's Pokies - MOTHER 3.mp3	-7.5
2/4/2020 10:24:22 PM	E:\Game Development\Resources\Audio\Music\Sean Brown\1_30.mp3	-16.6
2/4/2020 10:26:54 PM	E:\Game Development\My Projects\Metroid Coven\Asset credits\musTitle by BitBomb.mp3	-6.0
2/5/2020 7:40:04 PM	E:\Game Development\My Projects\Metroid Coven\Asset credits\musDeath by Luminist.mp3	-9.0
2/7/2020 7:31:02 PM	E:\Game Development\My Projects\Metroid Coven\Adjusted audio\IntroShip.mp3	-10.5
2/7/2020 8:23:18 PM	E:\Game Development\My Projects\Metroid Coven\Adjusted audio\sndPlayerDeath.mp3	-15.1
2/7/2020 8:23:26 PM	E:\Game Development\My Projects\Metroid Coven\Adjusted audio\sndPlayerDeath.mp3	9.0
2/7/2020 8:32:41 PM	E:\Game Development\My Projects\Metroid Coven\Adjusted audio\snCrackleLong.mp3	-1.5
2/7/2020 8:32:41 PM	E:\Game Development\My Projects\Metroid Coven\Adjusted audio\snCrackleShort2.mp3	-1.5
2/7/2020 8:32:41 PM	E:\Game Development\My Projects\Metroid Coven\Adjusted audio\snCrackleShort4.mp3	-1.5
2/7/2020 8:32:41 PM	E:\Game Development\My Projects\Metroid Coven\Adjusted audio\snCrackleShort5.mp3	-1.5
2/7/2020 8:38:37 PM	E:\Game Development\My Projects\Metroid Coven\Adjusted audio\snArcDashCharge.mp3	-9.0
2/7/2020 8:38:37 PM	E:\Game Development\My Projects\Metroid Coven\Adjusted audio\snArcDashGo.mp3	-7.5
2/7/2020 8:38:37 PM	E:\Game Development\My Projects\Metroid Coven\Adjusted audio\snArcDashImpactSpark.mp3	-3.0
2/7/2020 8:38:37 PM	E:\Game Development\My Projects\Metroid Coven\Adjusted audio\snArcDashReadyIdle.mp3	-1.5
2/7/2020 8:38:37 PM	E:\Game Development\My Projects\Metroid Coven\Adjusted audio\snArcDashStart.mp3	-7.5
2/7/2020 9:50:52 PM	E:\Game Development\My Projects\Metroid Coven\Adjusted audio\AmbienceSnow.mp3	-9.0
2/7/2020 9:51:04 PM	E:\Game Development\My Projects\Metroid Coven\Adjusted audio\AmbienceSnow.mp3	4.5
2/7/2020 9:51:29 PM	E:\Game Development\My Projects\Metroid Coven\Adjusted audio\AmbienceSnow.mp3	-4.5
2/7/2020 10:00:34 PM	E:\Game Development\My Projects\Metroid Coven\Adjusted audio\musGameOver.mp3	-1.5
2/7/2020 10:06:50 PM	E:\Game Development\My Projects\Metroid Coven\Adjusted audio\Player Death.mp3	-6.0
2/7/2020 11:07:32 PM	E:\Game Development\My Projects\Metroid Coven\sound\audio\BarriaOverworld.mp3	-6.0
2/10/2020 9:54:58 PM	E:\Game Development\My Projects\Metroid Coven\- Adjusted audio\BeamChargeLoop.mp3	1.5
2/10/2020 9:58:18 PM	E:\Game Development\My Projects\Metroid Coven\- Adjusted audio\BeamChargeStart.mp3	1.5
2/10/2020 10:01:29 PM	E:\Game Development\My Projects\Metroid Coven\- Adjusted audio\BeamPower.mp3	-6.0
2/10/2020 10:03:38 PM	E:\Game Development\My Projects\Metroid Coven\- Adjusted audio\BeamPlasma.mp3	-1.5
2/10/2020 10:06:34 PM	E:\Game Development\My Projects\Metroid Coven\- Adjusted audio\BeamWave.mp3	-3.0
2/10/2020 10:13:27 PM	E:\Game Development\My Projects\Metroid Coven\- Adjusted audio\BeamSpazer.mp3	-3.0
2/10/2020 10:17:53 PM	E:\Game Development\My Projects\Metroid Coven\- Adjusted audio\BeamPulse.mp3	-7.5
2/10/2020 10:19:46 PM	E:\Game Development\My Projects\Metroid Coven\- Adjusted audio\BeamIce.mp3	-7.5
2/10/2020 10:23:35 PM	E:\Game Development\My Projects\Metroid Coven\- Adjusted audio\BeamRupture.mp3	-4.5
2/10/2020 10:26:51 PM	E:\Game Development\My Projects\Metroid Coven\- Adjusted audio\BeamPhazon.mp3	-7.5
